<?xml version="1.0" encoding="UTF-8"?>
<coverage generated="1742637944116" clover="3.2.0">
  <project timestamp="1742637944116" name="All files">
    <metrics statements="18" coveredstatements="18" conditionals="3" coveredconditionals="3" methods="6" coveredmethods="6" elements="27" coveredelements="27" complexity="0" loc="18" ncloc="18" packages="1" files="2" classes="2"/>
    <file name="StringCalculator.ts" path="C:\Parjanya\Job Hunts\Incubyte\tdd-kata-string-calculator\src\StringCalculator.ts">
      <metrics statements="17" coveredstatements="17" conditionals="3" coveredconditionals="3" methods="6" coveredmethods="6"/>
      <line num="1" count="1" type="stmt"/>
      <line num="3" count="1" type="stmt"/>
      <line num="5" count="17" type="stmt"/>
      <line num="7" count="17" type="cond" truecount="1" falsecount="0"/>
      <line num="11" count="6" type="stmt"/>
      <line num="18" count="11" type="stmt"/>
      <line num="25" count="17" type="stmt"/>
      <line num="26" count="53" type="stmt"/>
      <line num="27" count="53" type="stmt"/>
      <line num="29" count="17" type="cond" truecount="1" falsecount="0"/>
      <line num="30" count="4" type="stmt"/>
      <line num="35" count="18" type="cond" truecount="1" falsecount="0"/>
      <line num="36" count="1" type="stmt"/>
      <line num="39" count="17" type="stmt"/>
      <line num="40" count="17" type="stmt"/>
      <line num="42" count="17" type="stmt"/>
      <line num="44" count="46" type="stmt"/>
    </file>
    <file name="constants.ts" path="C:\Parjanya\Job Hunts\Incubyte\tdd-kata-string-calculator\src\constants.ts">
      <metrics statements="1" coveredstatements="1" conditionals="0" coveredconditionals="0" methods="0" coveredmethods="0"/>
      <line num="1" count="1" type="stmt"/>
    </file>
  </project>
</coverage>
