<?xml version="1.0" encoding="UTF-8"?>
<coverage generated="1742638298217" clover="3.2.0">
  <project timestamp="1742638298217" name="All files">
    <metrics statements="21" coveredstatements="21" conditionals="3" coveredconditionals="3" methods="8" coveredmethods="8" elements="32" coveredelements="32" complexity="0" loc="21" ncloc="21" packages="1" files="2" classes="2"/>
    <file name="StringCalculator.ts" path="C:\Parjanya\Job Hunts\Incubyte\tdd-kata-string-calculator\src\StringCalculator.ts">
      <metrics statements="20" coveredstatements="20" conditionals="3" coveredconditionals="3" methods="8" coveredmethods="8"/>
      <line num="1" count="1" type="stmt"/>
      <line num="3" count="1" type="stmt"/>
      <line num="4" count="11" type="stmt"/>
      <line num="7" count="21" type="stmt"/>
      <line num="9" count="21" type="cond" truecount="1" falsecount="0"/>
      <line num="13" count="6" type="stmt"/>
      <line num="20" count="15" type="stmt"/>
      <line num="27" count="21" type="stmt"/>
      <line num="28" count="60" type="stmt"/>
      <line num="29" count="60" type="stmt"/>
      <line num="31" count="21" type="cond" truecount="1" falsecount="0"/>
      <line num="32" count="5" type="stmt"/>
      <line num="37" count="22" type="stmt"/>
      <line num="39" count="22" type="cond" truecount="1" falsecount="0"/>
      <line num="40" count="1" type="stmt"/>
      <line num="43" count="21" type="stmt"/>
      <line num="44" count="21" type="stmt"/>
      <line num="46" count="21" type="stmt"/>
      <line num="48" count="52" type="stmt"/>
      <line num="52" count="5" type="stmt"/>
    </file>
    <file name="constants.ts" path="C:\Parjanya\Job Hunts\Incubyte\tdd-kata-string-calculator\src\constants.ts">
      <metrics statements="1" coveredstatements="1" conditionals="0" coveredconditionals="0" methods="0" coveredmethods="0"/>
      <line num="1" count="1" type="stmt"/>
    </file>
  </project>
</coverage>
