{"C:\\Parjanya\\Job Hunts\\Incubyte\\tdd-kata-string-calculator\\src\\StringCalculator.ts": {"path":"C:\\Parjanya\\Job Hunts\\Incubyte\\tdd-kata-string-calculator\\src\\StringCalculator.ts","statementMap":{"0":{"start":{"line":3,"column":4},"end":{"line":5,"column":5}},"1":{"start":{"line":4,"column":6},"end":{"line":4,"column":15}},"2":{"start":{"line":7,"column":24},"end":{"line":7,"column":42}},"3":{"start":{"line":8,"column":4},"end":{"line":8,"column":72}},"4":{"start":{"line":8,"column":44},"end":{"line":8,"column":67}},"5":{"start":{"line":1,"column":0},"end":{"line":1,"column":13}}},"fnMap":{"0":{"name":"(anonymous_0)","decl":{"start":{"line":2,"column":9},"end":{"line":2,"column":12}},"loc":{"start":{"line":2,"column":28},"end":{"line":9,"column":3}}},"1":{"name":"(anonymous_1)","decl":{"start":{"line":8,"column":30},"end":{"line":8,"column":31}},"loc":{"start":{"line":8,"column":44},"end":{"line":8,"column":67}}}},"branchMap":{"0":{"loc":{"start":{"line":3,"column":4},"end":{"line":5,"column":5}},"type":"if","locations":[{"start":{"line":3,"column":4},"end":{"line":5,"column":5}}]}},"s":{"0":3,"1":1,"2":2,"3":2,"4":3,"5":1},"f":{"0":3,"1":3},"b":{"0":[1]}}
}
