{"C:\\Parjanya\\Job Hunts\\Incubyte\\tdd-kata-string-calculator\\src\\StringCalculator.ts": {"path":"C:\\Parjanya\\Job Hunts\\Incubyte\\tdd-kata-string-calculator\\src\\StringCalculator.ts","statementMap":{"0":{"start":{"line":1,"column":0},"end":{"line":1,"column":55}},"1":{"start":{"line":5,"column":27},"end":{"line":5,"column":81}},"2":{"start":{"line":7,"column":4},"end":{"line":15,"column":5}},"3":{"start":{"line":11,"column":6},"end":{"line":14,"column":8}},"4":{"start":{"line":18,"column":4},"end":{"line":21,"column":6}},"5":{"start":{"line":25,"column":4},"end":{"line":27,"column":5}},"6":{"start":{"line":26,"column":6},"end":{"line":26,"column":15}},"7":{"start":{"line":29,"column":53},"end":{"line":29,"column":91}},"8":{"start":{"line":30,"column":24},"end":{"line":30,"column":57}},"9":{"start":{"line":31,"column":4},"end":{"line":31,"column":72}},"10":{"start":{"line":31,"column":44},"end":{"line":31,"column":67}},"11":{"start":{"line":3,"column":0},"end":{"line":3,"column":13}}},"fnMap":{"0":{"name":"(anonymous_0)","decl":{"start":{"line":4,"column":10},"end":{"line":4,"column":34}},"loc":{"start":{"line":4,"column":48},"end":{"line":22,"column":3}}},"1":{"name":"(anonymous_1)","decl":{"start":{"line":24,"column":9},"end":{"line":24,"column":12}},"loc":{"start":{"line":24,"column":28},"end":{"line":32,"column":3}}},"2":{"name":"(anonymous_2)","decl":{"start":{"line":31,"column":30},"end":{"line":31,"column":31}},"loc":{"start":{"line":31,"column":44},"end":{"line":31,"column":67}}}},"branchMap":{"0":{"loc":{"start":{"line":7,"column":4},"end":{"line":15,"column":5}},"type":"if","locations":[{"start":{"line":7,"column":4},"end":{"line":15,"column":5}}]},"1":{"loc":{"start":{"line":25,"column":4},"end":{"line":27,"column":5}},"type":"if","locations":[{"start":{"line":25,"column":4},"end":{"line":27,"column":5}}]}},"s":{"0":1,"1":13,"2":13,"3":5,"4":8,"5":14,"6":1,"7":13,"8":13,"9":13,"10":46,"11":1},"f":{"0":13,"1":14,"2":46},"b":{"0":[5],"1":[1]}}
,"C:\\Parjanya\\Job Hunts\\Incubyte\\tdd-kata-string-calculator\\src\\constants.ts": {"path":"C:\\Parjanya\\Job Hunts\\Incubyte\\tdd-kata-string-calculator\\src\\constants.ts","statementMap":{"0":{"start":{"line":1,"column":13},"end":{"line":16,"column":11}}},"fnMap":{},"branchMap":{},"s":{"0":1},"f":{},"b":{}}
}
