TN:
SF:src\StringCalculator.ts
FN:3,(anonymous_0)
FN:6,(anonymous_1)
FN:26,(anonymous_2)
FN:28,(anonymous_3)
FN:29,(anonymous_4)
FN:36,(anonymous_5)
FN:38,(anonymous_6)
FN:39,(anonymous_7)
FN:42,(anonymous_8)
FN:55,(anonymous_9)
FN:58,(anonymous_10)
FNF:11
FNH:11
FNDA:12,(anonymous_0)
FNDA:26,(anonymous_1)
FNDA:26,(anonymous_2)
FNDA:74,(anonymous_3)
FNDA:74,(anonymous_4)
FNDA:21,(anonymous_5)
FNDA:66,(anonymous_6)
FNDA:66,(anonymous_7)
FNDA:27,(anonymous_8)
FNDA:60,(anonymous_9)
FNDA:5,(anonymous_10)
DA:1,1
DA:3,1
DA:4,12
DA:7,26
DA:9,26
DA:13,7
DA:20,19
DA:27,26
DA:28,74
DA:29,74
DA:31,26
DA:32,5
DA:37,21
DA:38,66
DA:39,66
DA:43,27
DA:45,27
DA:46,1
DA:49,26
DA:50,26
DA:52,26
DA:53,21
DA:55,60
DA:59,5
LF:24
LH:24
BRDA:9,0,0,7
BRDA:31,1,0,5
BRDA:45,2,0,1
BRF:3
BRH:3
end_of_record
TN:
SF:src\constants.ts
FNF:0
FNH:0
DA:4,1
LF:1
LH:1
BRF:0
BRH:0
end_of_record
