TN:
SF:src\StringCalculator.ts
FN:4,(anonymous_0)
FN:24,(anonymous_1)
FN:26,(anonymous_2)
FN:27,(anonymous_3)
FN:34,(anonymous_4)
FN:44,(anonymous_5)
FNF:6
FNH:6
FNDA:17,(anonymous_0)
FNDA:17,(anonymous_1)
FNDA:53,(anonymous_2)
FNDA:53,(anonymous_3)
FNDA:18,(anonymous_4)
FNDA:46,(anonymous_5)
DA:1,1
DA:3,1
DA:5,17
DA:7,17
DA:11,6
DA:18,11
DA:25,17
DA:26,53
DA:27,53
DA:29,17
DA:30,4
DA:35,18
DA:36,1
DA:39,17
DA:40,17
DA:42,17
DA:44,46
LF:17
LH:17
BRDA:7,0,0,6
BRDA:29,1,0,4
BRDA:35,2,0,1
BRF:3
BRH:3
end_of_record
TN:
SF:src\constants.ts
FNF:0
FNH:0
DA:1,1
LF:1
LH:1
BRF:0
BRH:0
end_of_record
